20:44:01: Creating resource group General
20:44:01: Creating resource group Internal
20:44:01: Creating resource group Autodetect
20:44:01: SceneManagerFactory for type 'DefaultSceneManager' registered.
20:44:01: Registering ResourceManager for type Material
20:44:01: Registering ResourceManager for type Mesh
20:44:01: Registering ResourceManager for type Skeleton
20:44:01: MovableObjectFactory for type 'ParticleSystem' registered.
20:44:01: OverlayElementFactory for type Panel registered.
20:44:01: OverlayElementFactory for type BorderPanel registered.
20:44:01: OverlayElementFactory for type TextArea registered.
20:44:01: Registering ResourceManager for type Font
20:44:01: ArchiveFactory for archive type FileSystem registered.
20:44:01: ArchiveFactory for archive type Zip registered.
20:44:01: DDS codec registering
20:44:01: FreeImage version: 3.15.1
20:44:01: This program uses FreeImage, a free, open source image library supporting all common bitmap formats. See http://freeimage.sourceforge.net for details
20:44:01: Supported formats: bmp,ico,jpg,jif,jpeg,jpe,jng,koa,iff,lbm,mng,pbm,pbm,pcd,pcx,pgm,pgm,png,ppm,ppm,ras,tga,targa,tif,tiff,wap,wbmp,wbm,psd,cut,xbm,xpm,gif,hdr,g3,sgi,exr,j2k,j2c,jp2,pfm,pct,pict,pic,3fr,arw,bay,bmq,cap,cine,cr2,crw,cs1,dc2,dcr,drf,dsc,dng,erf,fff,ia,iiq,k25,kc2,kdc,mdc,mef,mos,mrw,nef,nrw,orf,pef,ptx,pxn,qtk,raf,raw,rdc,rw2,rwl,rwz,sr2,srf,sti
20:44:01: Registering ResourceManager for type HighLevelGpuProgram
20:44:01: Registering ResourceManager for type Compositor
20:44:01: MovableObjectFactory for type 'Entity' registered.
20:44:01: MovableObjectFactory for type 'Light' registered.
20:44:01: MovableObjectFactory for type 'BillboardSet' registered.
20:44:01: MovableObjectFactory for type 'ManualObject' registered.
20:44:01: MovableObjectFactory for type 'BillboardChain' registered.
20:44:01: MovableObjectFactory for type 'RibbonTrail' registered.
20:44:01: *-*-* OGRE Initialising
20:44:01: *-*-* Version 1.7.4 (Cthugha)
20:44:01: Loading library /usr/lib/x86_64-linux-gnu/OGRE-1.7.4/RenderSystem_GL
20:44:01: Installing plugin: GL RenderSystem
20:44:01: OpenGL Rendering Subsystem created.
20:44:01: Plugin successfully installed
20:44:01: Loading library /usr/lib/x86_64-linux-gnu/OGRE-1.7.4/Plugin_OctreeSceneManager
20:44:01: Installing plugin: Octree & Terrain Scene Manager
20:44:01: Plugin successfully installed
20:44:01: Loading library /usr/lib/x86_64-linux-gnu/OGRE-1.7.4/Plugin_ParticleFX
20:44:01: Installing plugin: ParticleFX
20:44:01: Particle Emitter Type 'Point' registered
20:44:01: Particle Emitter Type 'Box' registered
20:44:01: Particle Emitter Type 'Ellipsoid' registered
20:44:01: Particle Emitter Type 'Cylinder' registered
20:44:01: Particle Emitter Type 'Ring' registered
20:44:01: Particle Emitter Type 'HollowEllipsoid' registered
20:44:01: Particle Affector Type 'LinearForce' registered
20:44:01: Particle Affector Type 'ColourFader' registered
20:44:01: Particle Affector Type 'ColourFader2' registered
20:44:01: Particle Affector Type 'ColourImage' registered
20:44:01: Particle Affector Type 'ColourInterpolator' registered
20:44:01: Particle Affector Type 'Scaler' registered
20:44:01: Particle Affector Type 'Rotator' registered
20:44:01: Particle Affector Type 'DirectionRandomiser' registered
20:44:01: Particle Affector Type 'DeflectorPlane' registered
20:44:01: Plugin successfully installed
20:44:01: CPU Identifier & Features
20:44:01: -------------------------
20:44:01:  *   CPU ID: GenuineIntel: Intel(R) Core(TM) i7-3632QM CPU @ 2.20GHz
20:44:01:  *      SSE: yes
20:44:01:  *     SSE2: yes
20:44:01:  *     SSE3: yes
20:44:01:  *      MMX: yes
20:44:01:  *   MMXEXT: yes
20:44:01:  *    3DNOW: no
20:44:01:  * 3DNOWEXT: no
20:44:01:  *     CMOV: yes
20:44:01:  *      TSC: yes
20:44:01:  *      FPU: yes
20:44:01:  *      PRO: yes
20:44:01:  *       HT: no
20:44:01: -------------------------
20:44:01: ******************************
*** Starting GLX Subsystem ***
******************************
20:44:01: GLRenderSystem::_createRenderWindow "OgreWindow(0)", 1x1 windowed  miscParams: externalGLControl= macAPI=carbon parentWindowHandle=83886081 
20:44:01: GLXWindow::create used FBConfigID = 117
20:44:01: GL_VERSION = 4.2.12217 Compatibility Profile Context 12.104
20:44:01: GL_VENDOR = ATI Technologies Inc.
20:44:01: GL_RENDERER = AMD Radeon HD 7600M Series
20:44:01: GL_EXTENSIONS = GL_AMDX_debug_output GL_AMDX_vertex_shader_tessellator GL_AMD_conservative_depth GL_AMD_debug_output GL_AMD_depth_clamp_separate GL_AMD_draw_buffers_blend GL_AMD_multi_draw_indirect GL_AMD_name_gen_delete GL_AMD_performance_monitor GL_AMD_pinned_memory GL_AMD_query_buffer_object GL_AMD_sample_positions GL_AMD_seamless_cubemap_per_texture GL_AMD_shader_stencil_export GL_AMD_shader_trace GL_AMD_texture_cube_map_array GL_AMD_texture_texture4 GL_AMD_transform_feedback3_lines_triangles GL_AMD_vertex_shader_layer GL_AMD_vertex_shader_tessellator GL_AMD_vertex_shader_viewport_index GL_ARB_ES2_compatibility GL_ARB_ES3_compatibility GL_ARB_arrays_of_arrays GL_ARB_base_instance GL_ARB_blend_func_extended GL_ARB_clear_buffer_object GL_ARB_color_buffer_float GL_ARB_compatibility GL_ARB_compressed_texture_pixel_storage GL_ARB_compute_shader GL_ARB_conservative_depth GL_ARB_copy_buffer GL_ARB_depth_buffer_float GL_ARB_depth_clamp GL_ARB_depth_texture GL_ARB_draw_buffers GL_ARB_draw_buffers_blend GL_ARB_draw_elements_base_vertex GL_ARB_draw_indirect GL_ARB_draw_instanced GL_ARB_explicit_attrib_location GL_ARB_explicit_uniform_location GL_ARB_fragment_coord_conventions GL_ARB_fragment_layer_viewport GL_ARB_fragment_program GL_ARB_fragment_program_shadow GL_ARB_fragment_shader GL_ARB_framebuffer_object GL_ARB_framebuffer_sRGB GL_ARB_geometry_shader4 GL_ARB_get_program_binary GL_ARB_gpu_shader5 GL_ARB_gpu_shader_fp64 GL_ARB_half_float_pixel GL_ARB_half_float_vertex GL_ARB_imaging GL_ARB_instanced_arrays GL_ARB_internalformat_query GL_ARB_invalidate_subdata GL_ARB_map_buffer_alignment GL_ARB_map_buffer_range GL_ARB_multi_draw_indirect GL_ARB_multisample GL_ARB_multitexture GL_ARB_occlusion_query GL_ARB_occlusion_query2 GL_ARB_pixel_buffer_object GL_ARB_point_parameters GL_ARB_point_sprite GL_ARB_program_interface_query GL_ARB_provoking_vertex GL_ARB_sample_shading GL_ARB_sampler_objects GL_ARB_seamless_cube_map GL_ARB_separate_shader_objects GL_ARB_shader_atomic_counters GL_ARB_shader_bit_encoding GL_ARB_shader_image_load_store GL_ARB_shader_image_size GL_ARB_shader_objects GL_ARB_shader_precision GL_ARB_shader_stencil_export GL_ARB_shader_storage_buffer_object GL_ARB_shader_subroutine GL_ARB_shader_texture_lod GL_ARB_shading_language_100 GL_ARB_shading_language_420pack GL_ARB_shading_language_packing GL_ARB_shadow GL_ARB_shadow_ambient GL_ARB_stencil_texturing GL_ARB_sync GL_ARB_tessellation_shader GL_ARB_texture_border_clamp GL_ARB_texture_buffer_object GL_ARB_texture_buffer_object_rgb32 GL_ARB_texture_buffer_range GL_ARB_texture_compression GL_ARB_texture_compression_bptc GL_ARB_texture_compression_rgtc GL_ARB_texture_cube_map GL_ARB_texture_cube_map_array GL_ARB_texture_env_add GL_ARB_texture_env_combine GL_ARB_texture_env_crossbar GL_ARB_texture_env_dot3 GL_ARB_texture_float GL_ARB_texture_gather GL_ARB_texture_mirrored_repeat GL_ARB_texture_multisample GL_ARB_texture_non_power_of_two GL_ARB_texture_query_levels GL_ARB_texture_query_lod GL_ARB_texture_rectangle GL_ARB_texture_rg GL_ARB_texture_rgb10_a2ui GL_ARB_texture_snorm GL_ARB_texture_storage GL_ARB_texture_storage_multisample GL_ARB_timer_query GL_ARB_transform_feedback2 GL_ARB_transform_feedback3 GL_ARB_transform_feedback_instanced GL_ARB_transpose_matrix GL_ARB_uniform_buffer_object GL_ARB_vertex_array_bgra GL_ARB_vertex_array_object GL_ARB_vertex_attrib_64bit GL_ARB_vertex_buffer_object GL_ARB_vertex_program GL_ARB_vertex_shader GL_ARB_vertex_type_2_10_10_10_rev GL_ARB_viewport_array GL_ARB_window_pos GL_ATI_draw_buffers GL_ATI_envmap_bumpmap GL_ATI_fragment_shader GL_ATI_meminfo GL_ATI_separate_stencil GL_ATI_texture_compression_3dc GL_ATI_texture_env_combine3 GL_ATI_texture_float GL_ATI_texture_mirror_once GL_EXT_abgr GL_EXT_bgra GL_EXT_bindable_uniform GL_EXT_blend_color GL_EXT_blend_equation_separate GL_EXT_blend_func_separate GL_EXT_blend_minmax GL_EXT_blend_subtract GL_EXT_compiled_vertex_array GL_EXT_copy_buffer GL_EXT_copy_texture GL_EXT_direct_state_access GL_EXT_draw_buffers2 GL_EXT_draw_instanced GL_EXT_draw_range_elements GL_EXT_fog_coord GL_EXT_framebuffer_blit GL_EXT_framebuffer_multisample GL_EXT_framebuffer_object GL_EXT_framebuffer_sRGB GL_EXT_geometry_shader4 GL_EXT_gpu_program_parameters GL_EXT_gpu_shader4 GL_EXT_histogram GL_EXT_multi_draw_arrays GL_EXT_packed_depth_stencil GL_EXT_packed_float GL_EXT_packed_pixels GL_EXT_pixel_buffer_object GL_EXT_point_parameters GL_EXT_provoking_vertex GL_EXT_rescale_normal GL_EXT_secondary_color GL_EXT_separate_specular_color GL_EXT_shader_image_load_store GL_EXT_shadow_funcs GL_EXT_stencil_wrap GL_EXT_subtexture GL_EXT_texgen_reflection GL_EXT_texture3D GL_EXT_texture_array GL_EXT_texture_buffer_object GL_EXT_texture_compression_bptc GL_EXT_texture_compression_latc GL_EXT_texture_compression_rgtc GL_EXT_texture_compression_s3tc GL_EXT_texture_cube_map GL_EXT_texture_edge_clamp GL_EXT_texture_env_add GL_EXT_texture_env_combine GL_EXT_texture_env_dot3 GL_EXT_texture_filter_anisotropic GL_EXT_texture_integer GL_EXT_texture_lod GL_EXT_texture_lod_bias GL_EXT_texture_mirror_clamp GL_EXT_texture_object GL_EXT_texture_rectangle GL_EXT_texture_sRGB GL_EXT_texture_sRGB_decode GL_EXT_texture_shared_exponent GL_EXT_texture_snorm GL_EXT_texture_storage GL_EXT_texture_swizzle GL_EXT_timer_query GL_EXT_transform_feedback GL_EXT_vertex_array GL_EXT_vertex_array_bgra GL_EXT_vertex_attrib_64bit GL_IBM_texture_mirrored_repeat GL_KTX_buffer_region GL_NV_blend_square GL_NV_conditional_render GL_NV_copy_depth_to_color GL_NV_copy_image GL_NV_explicit_multisample GL_NV_float_buffer GL_NV_half_float GL_NV_primitive_restart GL_NV_texgen_reflection GL_NV_texture_barrier GL_SGIS_generate_mipmap GL_SGIS_texture_edge_clamp GL_SGIS_texture_lod GL_SUN_multi_draw_arrays GL_WIN_swap_hint
20:44:01: Supported GLX extensions: GLX_ARB_create_context GLX_ARB_create_context_profile GLX_ARB_get_proc_address GLX_ARB_multisample GLX_EXT_import_context GLX_EXT_swap_control GLX_EXT_visual_info GLX_EXT_visual_rating GLX_MESA_swap_control GLX_NV_swap_group GLX_OML_swap_method GLX_SGI_make_current_read GLX_SGI_swap_control GLX_SGI_video_sync GLX_SGIS_multisample GLX_SGIX_fbconfig GLX_SGIX_pbuffer GLX_SGIX_swap_barrier GLX_SGIX_swap_group GLX_SGIX_visual_select_group GLX_EXT_texture_from_pixmap 
20:44:01: ***************************
20:44:01: *** GL Renderer Started ***
20:44:01: ***************************
20:44:01: Registering ResourceManager for type GpuProgram
20:44:01: GLSL support detected
20:44:01: GL: Using GL_EXT_framebuffer_object for rendering to textures (best)
20:44:01: FBO PF_UNKNOWN depth/stencil support: D0S1 D0S4 D0S8 D0S16 D16S0 D24S0 D32S0 Packed-D24S8 
20:44:01: FBO PF_L8 depth/stencil support: D0S0 D0S1 D0S4 D0S8 D0S16 D16S0 D24S0 D32S0 Packed-D24S8 
20:44:01: FBO PF_L16 depth/stencil support: D0S0 D0S1 D0S4 D0S8 D0S16 D16S0 D24S0 D32S0 Packed-D24S8 
20:44:01: FBO PF_A8 depth/stencil support: D0S0 D0S1 D0S4 D0S8 D0S16 D16S0 D24S0 D32S0 Packed-D24S8 
20:44:01: FBO PF_A4L4 depth/stencil support: D0S0 D0S1 D0S4 D0S8 D0S16 D16S0 D24S0 D32S0 Packed-D24S8 
20:44:01: FBO PF_BYTE_LA depth/stencil support: D0S0 D0S1 D0S4 D0S8 D0S16 D16S0 D24S0 D32S0 Packed-D24S8 
20:44:01: FBO PF_R5G6B5 depth/stencil support: D0S0 D0S1 D0S4 D0S8 D0S16 D16S0 D24S0 D32S0 Packed-D24S8 
20:44:01: FBO PF_B5G6R5 depth/stencil support: D0S0 D0S1 D0S4 D0S8 D0S16 D16S0 D24S0 D32S0 Packed-D24S8 
20:44:01: FBO PF_A4R4G4B4 depth/stencil support: D0S0 D0S1 D0S4 D0S8 D0S16 D16S0 D24S0 D32S0 Packed-D24S8 
20:44:01: FBO PF_A1R5G5B5 depth/stencil support: D0S0 D0S1 D0S4 D0S8 D0S16 D16S0 D24S0 D32S0 Packed-D24S8 
20:44:01: FBO PF_R8G8B8 depth/stencil support: D0S0 D0S1 D0S4 D0S8 D0S16 D16S0 D24S0 D32S0 Packed-D24S8 
20:44:01: FBO PF_B8G8R8 depth/stencil support: D0S0 D0S1 D0S4 D0S8 D0S16 D16S0 D24S0 D32S0 Packed-D24S8 
20:44:01: FBO PF_A8R8G8B8 depth/stencil support: D0S0 D0S1 D0S4 D0S8 D0S16 D16S0 D24S0 D32S0 Packed-D24S8 
20:44:02: FBO PF_B8G8R8A8 depth/stencil support: D0S0 D0S1 D0S4 D0S8 D0S16 D16S0 D24S0 D32S0 Packed-D24S8 
20:44:02: FBO PF_A2R10G10B10 depth/stencil support: D0S0 D0S1 D0S4 D0S8 D0S16 D16S0 D24S0 D32S0 Packed-D24S8 
20:44:02: FBO PF_A2B10G10R10 depth/stencil support: D0S0 D0S1 D0S4 D0S8 D0S16 D16S0 D24S0 D32S0 Packed-D24S8 
20:44:02: FBO PF_FLOAT16_RGB depth/stencil support: D0S0 D0S1 D0S4 D0S8 D0S16 D16S0 D24S0 D32S0 Packed-D24S8 
20:44:02: FBO PF_FLOAT16_RGBA depth/stencil support: D0S0 D0S1 D0S4 D0S8 D0S16 D16S0 D24S0 D32S0 Packed-D24S8 
20:44:02: FBO PF_FLOAT32_RGB depth/stencil support: D0S0 D0S1 D0S4 D0S8 D0S16 D16S0 D24S0 D32S0 Packed-D24S8 
20:44:02: FBO PF_FLOAT32_RGBA depth/stencil support: D0S0 D0S1 D0S4 D0S8 D0S16 D16S0 D24S0 D32S0 Packed-D24S8 
20:44:02: FBO PF_X8R8G8B8 depth/stencil support: D0S0 D0S1 D0S4 D0S8 D0S16 D16S0 D24S0 D32S0 Packed-D24S8 
20:44:02: FBO PF_X8B8G8R8 depth/stencil support: D0S0 D0S1 D0S4 D0S8 D0S16 D16S0 D24S0 D32S0 Packed-D24S8 
20:44:02: FBO PF_SHORT_RGBA depth/stencil support: D0S0 D0S1 D0S4 D0S8 D0S16 D16S0 D24S0 D32S0 Packed-D24S8 
20:44:02: FBO PF_R3G3B2 depth/stencil support: D0S0 D0S1 D0S4 D0S8 D0S16 D16S0 D24S0 D32S0 Packed-D24S8 
20:44:02: FBO PF_FLOAT16_R depth/stencil support: D0S0 D0S1 D0S4 D0S8 D0S16 D16S0 D24S0 D32S0 Packed-D24S8 
20:44:02: FBO PF_FLOAT32_R depth/stencil support: D0S0 D0S1 D0S4 D0S8 D0S16 D16S0 D24S0 D32S0 Packed-D24S8 
20:44:02: FBO PF_SHORT_GR depth/stencil support: D0S0 D0S1 D0S4 D0S8 D0S16 D16S0 D24S0 D32S0 Packed-D24S8 
20:44:02: FBO PF_FLOAT16_GR depth/stencil support: D0S0 D0S1 D0S4 D0S8 D0S16 D16S0 D24S0 D32S0 Packed-D24S8 
20:44:02: FBO PF_FLOAT32_GR depth/stencil support: D0S0 D0S1 D0S4 D0S8 D0S16 D16S0 D24S0 D32S0 Packed-D24S8 
20:44:02: FBO PF_SHORT_RGB depth/stencil support: D0S0 D0S1 D0S4 D0S8 D0S16 D16S0 D24S0 D32S0 Packed-D24S8 
20:44:02: [GL] : Valid FBO targets PF_UNKNOWN PF_L8 PF_L16 PF_A8 PF_A4L4 PF_BYTE_LA PF_R5G6B5 PF_B5G6R5 PF_A4R4G4B4 PF_A1R5G5B5 PF_R8G8B8 PF_B8G8R8 PF_A8R8G8B8 PF_B8G8R8A8 PF_A2R10G10B10 PF_A2B10G10R10 PF_FLOAT16_RGB PF_FLOAT16_RGBA PF_FLOAT32_RGB PF_FLOAT32_RGBA PF_X8R8G8B8 PF_X8B8G8R8 PF_SHORT_RGBA PF_R3G3B2 PF_FLOAT16_R PF_FLOAT32_R PF_SHORT_GR PF_FLOAT16_GR PF_FLOAT32_GR PF_SHORT_RGB 
20:44:02: RenderSystem capabilities
20:44:02: -------------------------
20:44:02: RenderSystem Name: OpenGL Rendering Subsystem
20:44:02: GPU Vendor: ati
20:44:02: Device Name: AMD Radeon HD 7600M Series
20:44:02: Driver Version: 4.2.12217.0
20:44:02:  * Fixed function pipeline: yes
20:44:02:  * Hardware generation of mipmaps: no
20:44:02:  * Texture blending: yes
20:44:02:  * Anisotropic texture filtering: yes
20:44:02:  * Dot product texture operation: yes
20:44:02:  * Cube mapping: yes
20:44:02:  * Hardware stencil buffer: yes
20:44:02:    - Stencil depth: 8
20:44:02:    - Two sided stencil support: yes
20:44:02:    - Wrap stencil values: yes
20:44:02:  * Hardware vertex / index buffers: yes
20:44:02:  * Vertex programs: yes
20:44:02:  * Number of floating-point constants for vertex programs: 256
20:44:02:  * Number of integer constants for vertex programs: 0
20:44:02:  * Number of boolean constants for vertex programs: 0
20:44:02:  * Fragment programs: yes
20:44:02:  * Number of floating-point constants for fragment programs: 256
20:44:02:  * Number of integer constants for fragment programs: 0
20:44:02:  * Number of boolean constants for fragment programs: 0
20:44:02:  * Geometry programs: yes
20:44:02:  * Number of floating-point constants for geometry programs: 16384
20:44:02:  * Number of integer constants for geometry programs: 0
20:44:02:  * Number of boolean constants for geometry programs: 0
20:44:02:  * Supported Shader Profiles: arbfp1 arbvp1 glsl gp4gp gpu_gp nvgp4 ps_1_1 ps_1_2 ps_1_3 ps_1_4
20:44:02:  * Texture Compression: yes
20:44:02:    - DXT: yes
20:44:02:    - VTC: no
20:44:02:    - PVRTC: no
20:44:02:  * Scissor Rectangle: yes
20:44:02:  * Hardware Occlusion Query: yes
20:44:02:  * User clip planes: yes
20:44:02:  * VET_UBYTE4 vertex element type: yes
20:44:02:  * Infinite far plane projection: yes
20:44:02:  * Hardware render-to-texture: yes
20:44:02:  * Floating point textures: yes
20:44:02:  * Non-power-of-two textures: yes
20:44:02:  * Volume textures: yes
20:44:02:  * Multiple Render Targets: 8
20:44:02:    - With different bit depths: yes
20:44:02:  * Point Sprites: yes
20:44:02:  * Extended point parameters: yes
20:44:02:  * Max Point Size: 8192
20:44:02:  * Vertex texture fetch: yes
20:44:02:  * Number of world matrices: 0
20:44:02:  * Number of texture units: 16
20:44:02:  * Stencil buffer depth: 8
20:44:02:  * Number of vertex blend matrices: 0
20:44:02:    - Max vertex textures: 16
20:44:02:    - Vertex textures shared: yes
20:44:02:  * Render to Vertex Buffer : no
20:44:02:  * GL 1.5 without VBO workaround: no
20:44:02:  * Frame Buffer objects: yes
20:44:02:  * Frame Buffer objects (ARB extension): no
20:44:02:  * Frame Buffer objects (ATI extension): no
20:44:02:  * PBuffer support: yes
20:44:02:  * GL 1.5 without HW-occlusion workaround: no
20:44:02: Registering ResourceManager for type Texture
20:44:02: DefaultWorkQueue('Root') initialising on thread 0x311f5e0.
20:44:02: DefaultWorkQueue('Root')::WorkerFunc - thread 0x34e8dd0 starting.
20:44:02: DefaultWorkQueue('Root')::WorkerFunc - thread 0x34e9600 starting.
20:44:02: DefaultWorkQueue('Root')::WorkerFunc - thread 0x34ed1e0 starting.
20:44:02: DefaultWorkQueue('Root')::WorkerFunc - thread 0x34ec930 starting.
20:44:02: DefaultWorkQueue('Root')::WorkerFunc - thread 0x34eda90 starting.
20:44:02: DefaultWorkQueue('Root')::WorkerFunc - thread 0x34ec4d0 starting.
20:44:02: DefaultWorkQueue('Root')::WorkerFunc - thread 0x34e7150 starting.
20:44:02: DefaultWorkQueue('Root')::WorkerFunc - thread 0x34ebb70 starting.
20:44:02: Particle Renderer Type 'billboard' registered
20:44:02: SceneManagerFactory for type 'OctreeSceneManager' registered.
20:44:02: SceneManagerFactory for type 'TerrainSceneManager' registered.
20:44:02: Creating resource group rviz
20:44:02: Added resource location '/opt/ros/groovy/share/rviz/ogre_media' of type 'FileSystem' to resource group 'rviz'
20:44:02: Added resource location '/opt/ros/groovy/share/rviz/ogre_media/textures' of type 'FileSystem' to resource group 'rviz'
20:44:02: Added resource location '/opt/ros/groovy/share/rviz/ogre_media/fonts' of type 'FileSystem' to resource group 'rviz'
20:44:02: Added resource location '/opt/ros/groovy/share/rviz/ogre_media/models' of type 'FileSystem' to resource group 'rviz'
20:44:02: Added resource location '/opt/ros/groovy/share/rviz/ogre_media/materials' of type 'FileSystem' to resource group 'rviz'
20:44:02: Added resource location '/opt/ros/groovy/share/rviz/ogre_media/materials/scripts' of type 'FileSystem' to resource group 'rviz'
20:44:02: Added resource location '/opt/ros/groovy/share/rviz/ogre_media/materials/glsl120' of type 'FileSystem' to resource group 'rviz'
20:44:02: Added resource location '/opt/ros/groovy/share/rviz/ogre_media/materials/glsl120/nogp' of type 'FileSystem' to resource group 'rviz'
20:44:02: Added resource location '/opt/ros/groovy/share/rviz/ogre_media/materials/glsl150' of type 'FileSystem' to resource group 'rviz'
20:44:02: Added resource location '/opt/ros/groovy/share/rviz/ogre_media/materials/scripts150' of type 'FileSystem' to resource group 'rviz'
20:44:02: Parsing scripts for resource group Autodetect
20:44:02: Finished parsing scripts for resource group Autodetect
20:44:02: Parsing scripts for resource group General
20:44:02: Finished parsing scripts for resource group General
20:44:02: Parsing scripts for resource group Internal
20:44:02: Finished parsing scripts for resource group Internal
20:44:02: Parsing scripts for resource group rviz
20:44:02: Parsing script glsl120.program
20:44:02: Parsing script nogp.program
20:44:02: Parsing script glsl150.program
20:44:02: GLSL compiled : rviz/glsl150/billboard.geomWARNING: 0:37: warning(#332) :gl_TexCoord is only available in compatibility profile
WARNING: 0:38: warning(#332) :gl_FrontColor is only available in compatibility profile
WARNING: 0:38: warning(#332) :gl_FrontColor is only available in compatibility profile

20:44:02: GLSL compiled : rviz/glsl150/billboard.geom(with_depth)WARNING: 0:37: warning(#332) :gl_TexCoord is only available in compatibility profile
WARNING: 0:38: warning(#332) :gl_FrontColor is only available in compatibility profile
WARNING: 0:38: warning(#332) :gl_FrontColor is only available in compatibility profile

20:44:02: GLSL compiled : rviz/glsl150/box.geomWARNING: 0:52: warning(#332) :gl_TexCoord is only available in compatibility profile
WARNING: 0:57: warning(#332) :gl_FrontColor is only available in compatibility profile
WARNING: 0:57: warning(#332) :gl_FrontColor is only available in compatibility profile
WARNING: 0:57: warning(#332) :gl_FrontColor is only available in compatibility profile

20:44:02: GLSL compiled : rviz/glsl150/box.geom(with_depth)WARNING: 0:52: warning(#332) :gl_TexCoord is only available in compatibility profile
WARNING: 0:57: warning(#332) :gl_FrontColor is only available in compatibility profile
WARNING: 0:57: warning(#332) :gl_FrontColor is only available in compatibility profile
WARNING: 0:57: warning(#332) :gl_FrontColor is only available in compatibility profile

20:44:02: GLSL compiled : rviz/glsl150/box.geom(with_lighting)WARNING: 0:52: warning(#332) :gl_TexCoord is only available in compatibility profile
WARNING: 0:55: warning(#332) :gl_FrontColor is only available in compatibility profile
WARNING: 0:55: warning(#332) :gl_FrontColor is only available in compatibility profile
WARNING: 0:55: warning(#332) :gl_FrontColor is only available in compatibility profile

20:44:02: Parsing script point_cloud_tile.material
20:44:02: Parsing script point_cloud_point.material
20:44:02: Parsing script default_pick_and_depth.material
20:44:02: Parsing script point_cloud_box.material
20:44:02: Compiler error: reference to a non existing object in point_cloud_box.material(47)
20:44:02: Parsing script point_cloud_sphere.material
20:44:02: Parsing script point_cloud_square.material
20:44:02: Parsing script point_cloud_flat_square.material
20:44:02: Parsing script arial.fontdef
20:44:02: Finished parsing scripts for resource group rviz
20:44:02: GLRenderSystem::_createRenderWindow "OgreWindow(1)", 100x30 windowed  miscParams: externalGLControl= macAPI=carbon parentWindowHandle=77594658 
20:44:02: GLXWindow::create used FBConfigID = 117
20:44:03: Mesh: Loading rviz_sphere.mesh.
20:44:03: Texture: SelectionRect0Texture: Loading 1 faces(PF_R8G8B8A8,1x1x1) with 0 generated mipmaps from Image. Internal format is PF_A8R8G8B8,1x1x1.
20:44:04: Mesh: Loading rviz_cylinder.mesh.
20:44:04: Mesh: Loading rviz_cone.mesh.
